[2025-12-13 02:54:37] SCRIPT START:

-----------------------------------
[2025-12-13 02:54:37] SESSION:
Array
(
    [user_id] => 5
    [role] => student
)

-----------------------------------
[2025-12-13 02:54:37] USER ID:
5
-----------------------------------
[2025-12-13 02:54:37] RAW INPUT:
{"thesis_id":17,"links":["ςεφερφ"]}
-----------------------------------
[2025-12-13 02:54:37] JSON DECODED:
Array
(
    [thesis_id] => 17
    [links] => Array
        (
            [0] => ςεφερφ
        )

)

-----------------------------------
[2025-12-13 02:54:37] THESIS ID:
17
-----------------------------------
[2025-12-13 02:54:37] RAW LINKS:
Array
(
)

-----------------------------------
[2025-12-13 02:54:37] CLEAN LINKS:
Array
(
)

-----------------------------------
[2025-12-13 02:54:37] STUDENT ROW:
Array
(
    [id] => 5
)

-----------------------------------
[2025-12-13 02:54:37] THESIS ROW:
Array
(
    [resource_links] => ["fwefewf"]
)

-----------------------------------
[2025-12-13 02:54:37] EXISTING LINKS:
Array
(
    [0] => fwefewf
)

-----------------------------------
[2025-12-13 02:54:37] FINAL LINKS:
Array
(
    [0] => fwefewf
)

-----------------------------------
[2025-12-13 02:54:37] DB EXECUTE RESULT:
1
-----------------------------------
[2025-12-13 02:54:45] SCRIPT START:

-----------------------------------
[2025-12-13 02:54:45] SESSION:
Array
(
    [user_id] => 5
    [role] => student
)

-----------------------------------
[2025-12-13 02:54:45] USER ID:
5
-----------------------------------
[2025-12-13 02:54:45] RAW INPUT:

-----------------------------------
[2025-12-13 02:54:45] JSON DECODED:

-----------------------------------
[2025-12-13 02:54:45] THESIS ID:
0
-----------------------------------
[2025-12-13 02:54:45] FAIL: NO THESIS ID:

-----------------------------------
[2025-12-13 03:29:42] SCRIPT START:

-----------------------------------
[2025-12-13 03:29:42] SESSION:
Array
(
    [user_id] => 5
    [role] => student
)

-----------------------------------
[2025-12-13 03:29:42] USER ID:
5
-----------------------------------
[2025-12-13 03:29:42] RAW INPUT:
{"thesis_id":17,"links":["cewcew"]}
-----------------------------------
[2025-12-13 03:29:42] JSON DECODED:
Array
(
    [thesis_id] => 17
    [links] => Array
        (
            [0] => cewcew
        )

)

-----------------------------------
[2025-12-13 03:29:42] THESIS ID:
17
-----------------------------------
[2025-12-13 03:29:42] RAW LINKS:
Array
(
)

-----------------------------------
[2025-12-13 03:29:42] CLEAN LINKS:
Array
(
)

-----------------------------------
[2025-12-13 03:29:42] STUDENT ROW:
Array
(
    [id] => 5
)

-----------------------------------
[2025-12-13 03:29:42] THESIS ROW:
Array
(
    [resource_links] => ["fwefewf"]
)

-----------------------------------
[2025-12-13 03:29:42] EXISTING LINKS:
Array
(
    [0] => fwefewf
)

-----------------------------------
[2025-12-13 03:29:42] FINAL LINKS:
Array
(
    [0] => fwefewf
)

-----------------------------------
[2025-12-13 03:29:42] DB EXECUTE RESULT:
1
-----------------------------------
[2025-12-13 03:29:47] SCRIPT START:

-----------------------------------
[2025-12-13 03:29:47] SESSION:
Array
(
    [user_id] => 5
    [role] => student
)

-----------------------------------
[2025-12-13 03:29:47] USER ID:
5
-----------------------------------
[2025-12-13 03:29:47] RAW INPUT:

-----------------------------------
[2025-12-13 03:29:47] JSON DECODED:

-----------------------------------
[2025-12-13 03:29:47] THESIS ID:
0
-----------------------------------
[2025-12-13 03:29:47] FAIL: NO THESIS ID:

-----------------------------------
[2025-12-13 03:32:14] SCRIPT START:

-----------------------------------
[2025-12-13 03:32:14] SESSION:
Array
(
    [user_id] => 5
    [role] => student
)

-----------------------------------
[2025-12-13 03:32:14] USER ID:
5
-----------------------------------
[2025-12-13 03:32:14] RAW INPUT:
{"thesis_id":17,"links":["dewdewdew"]}
-----------------------------------
[2025-12-13 03:32:14] JSON DECODED:
Array
(
    [thesis_id] => 17
    [links] => Array
        (
            [0] => dewdewdew
        )

)

-----------------------------------
[2025-12-13 03:32:14] THESIS ID:
17
-----------------------------------
[2025-12-13 03:32:14] RAW LINKS:
Array
(
    [0] => dewdewdew
)

-----------------------------------
[2025-12-13 03:32:14] CLEAN LINKS:
Array
(
    [0] => dewdewdew
)

-----------------------------------
[2025-12-13 03:32:14] STUDENT ROW:
Array
(
    [id] => 5
)

-----------------------------------
[2025-12-13 03:32:14] THESIS ROW:
Array
(
    [resource_links] => ["fwefewf"]
)

-----------------------------------
[2025-12-13 03:32:14] EXISTING LINKS:
Array
(
    [0] => fwefewf
)

-----------------------------------
[2025-12-13 03:32:14] FINAL LINKS:
Array
(
    [0] => fwefewf
    [1] => dewdewdew
)

-----------------------------------
[2025-12-13 03:32:14] DB EXECUTE RESULT:
1
-----------------------------------
[2025-12-13 03:32:23] SCRIPT START:

-----------------------------------
[2025-12-13 03:32:23] SESSION:
Array
(
    [user_id] => 5
    [role] => student
)

-----------------------------------
[2025-12-13 03:32:23] USER ID:
5
-----------------------------------
[2025-12-13 03:32:23] RAW INPUT:

-----------------------------------
[2025-12-13 03:32:23] JSON DECODED:

-----------------------------------
[2025-12-13 03:32:23] THESIS ID:
0
-----------------------------------
[2025-12-13 03:32:23] FAIL: NO THESIS ID:

-----------------------------------
[2025-12-13 03:33:17] SCRIPT START:

-----------------------------------
[2025-12-13 03:33:17] SESSION:
Array
(
    [user_id] => 5
    [role] => student
)

-----------------------------------
[2025-12-13 03:33:17] USER ID:
5
-----------------------------------
[2025-12-13 03:33:17] RAW INPUT:
{"thesis_id":17,"links":["https://www.ceid.upatras.gr/"]}
-----------------------------------
[2025-12-13 03:33:17] JSON DECODED:
Array
(
    [thesis_id] => 17
    [links] => Array
        (
            [0] => https://www.ceid.upatras.gr/
        )

)

-----------------------------------
[2025-12-13 03:33:17] THESIS ID:
17
-----------------------------------
[2025-12-13 03:33:17] RAW LINKS:
Array
(
    [0] => https://www.ceid.upatras.gr/
)

-----------------------------------
[2025-12-13 03:33:17] CLEAN LINKS:
Array
(
    [0] => https://www.ceid.upatras.gr/
)

-----------------------------------
[2025-12-13 03:33:17] STUDENT ROW:
Array
(
    [id] => 5
)

-----------------------------------
[2025-12-13 03:33:17] THESIS ROW:
Array
(
    [resource_links] => ["fwefewf","dewdewdew"]
)

-----------------------------------
[2025-12-13 03:33:17] EXISTING LINKS:
Array
(
    [0] => fwefewf
    [1] => dewdewdew
)

-----------------------------------
[2025-12-13 03:33:17] FINAL LINKS:
Array
(
    [0] => fwefewf
    [1] => dewdewdew
    [2] => https://www.ceid.upatras.gr/
)

-----------------------------------
[2025-12-13 03:33:17] DB EXECUTE RESULT:
1
-----------------------------------
[2025-12-13 15:29:13] SCRIPT START:

-----------------------------------
[2025-12-13 15:29:13] SESSION:
Array
(
    [user_id] => 4
    [role] => student
)

-----------------------------------
[2025-12-13 15:29:13] USER ID:
4
-----------------------------------
[2025-12-13 15:29:13] RAW INPUT:
{"thesis_id":16,"links":["dwqdwqe"]}
-----------------------------------
[2025-12-13 15:29:13] JSON DECODED:
Array
(
    [thesis_id] => 16
    [links] => Array
        (
            [0] => dwqdwqe
        )

)

-----------------------------------
[2025-12-13 15:29:13] THESIS ID:
16
-----------------------------------
[2025-12-13 15:29:13] RAW LINKS:
Array
(
    [0] => dwqdwqe
)

-----------------------------------
[2025-12-13 15:29:13] CLEAN LINKS:
Array
(
    [0] => dwqdwqe
)

-----------------------------------
[2025-12-13 15:29:13] STUDENT ROW:
Array
(
    [id] => 4
)

-----------------------------------
[2025-12-13 15:29:13] THESIS ROW:
Array
(
    [resource_links] => 
)

-----------------------------------
[2025-12-13 15:29:13] EXISTING LINKS:
Array
(
)

-----------------------------------
[2025-12-13 15:29:13] FINAL LINKS:
Array
(
    [0] => dwqdwqe
)

-----------------------------------
[2025-12-13 15:29:13] DB EXECUTE RESULT:
1
-----------------------------------
[2025-12-14 14:43:45] SCRIPT START:

-----------------------------------
[2025-12-14 14:43:45] SESSION:
Array
(
    [user_id] => 4
    [role] => student
)

-----------------------------------
[2025-12-14 14:43:45] USER ID:
4
-----------------------------------
[2025-12-14 14:43:45] RAW INPUT:
{"thesis_id":16,"links":["dewdwe"]}
-----------------------------------
[2025-12-14 14:43:45] JSON DECODED:
Array
(
    [thesis_id] => 16
    [links] => Array
        (
            [0] => dewdwe
        )

)

-----------------------------------
[2025-12-14 14:43:45] THESIS ID:
16
-----------------------------------
[2025-12-14 14:43:45] RAW LINKS:
Array
(
    [0] => dewdwe
)

-----------------------------------
[2025-12-14 14:43:45] CLEAN LINKS:
Array
(
    [0] => dewdwe
)

-----------------------------------
[2025-12-14 14:43:45] STUDENT ROW:
Array
(
    [id] => 4
)

-----------------------------------
[2025-12-14 14:43:45] THESIS ROW:
Array
(
    [resource_links] => ["dwqdwqe"]
)

-----------------------------------
[2025-12-14 14:43:45] EXISTING LINKS:
Array
(
    [0] => dwqdwqe
)

-----------------------------------
[2025-12-14 14:43:45] FINAL LINKS:
Array
(
    [0] => dwqdwqe
    [1] => dewdwe
)

-----------------------------------
[2025-12-14 14:43:45] DB EXECUTE RESULT:
1
-----------------------------------
[2025-12-14 14:57:34] SCRIPT START:

-----------------------------------
[2025-12-14 14:57:34] SESSION:
Array
(
    [user_id] => 4
    [role] => student
)

-----------------------------------
[2025-12-14 14:57:34] USER ID:
4
-----------------------------------
[2025-12-14 14:57:34] RAW INPUT:
{"thesis_id":16,"links":["dwdw"]}
-----------------------------------
[2025-12-14 14:57:34] JSON DECODED:
Array
(
    [thesis_id] => 16
    [links] => Array
        (
            [0] => dwdw
        )

)

-----------------------------------
[2025-12-14 14:57:34] THESIS ID:
16
-----------------------------------
[2025-12-14 14:57:34] RAW LINKS:
Array
(
    [0] => dwdw
)

-----------------------------------
[2025-12-14 14:57:34] CLEAN LINKS:
Array
(
    [0] => dwdw
)

-----------------------------------
[2025-12-14 14:57:34] STUDENT ROW:
Array
(
    [id] => 4
)

-----------------------------------
[2025-12-14 14:57:34] THESIS ROW:
Array
(
    [resource_links] => ["dwqdwqe","dewdwe"]
)

-----------------------------------
[2025-12-14 14:57:34] EXISTING LINKS:
Array
(
    [0] => dwqdwqe
    [1] => dewdwe
)

-----------------------------------
[2025-12-14 14:57:34] FINAL LINKS:
Array
(
    [0] => dwqdwqe
    [1] => dewdwe
    [2] => dwdw
)

-----------------------------------
[2025-12-14 14:57:34] DB EXECUTE RESULT:
1
-----------------------------------
[2025-12-14 14:57:34] SCRIPT START:

-----------------------------------
[2025-12-14 14:57:34] SESSION:
Array
(
    [user_id] => 4
    [role] => student
)

-----------------------------------
[2025-12-14 14:57:34] USER ID:
4
-----------------------------------
[2025-12-14 14:57:34] RAW INPUT:
{"thesis_id":16,"links":["dwdw"]}
-----------------------------------
[2025-12-14 14:57:34] JSON DECODED:
Array
(
    [thesis_id] => 16
    [links] => Array
        (
            [0] => dwdw
        )

)

-----------------------------------
[2025-12-14 14:57:34] THESIS ID:
16
-----------------------------------
[2025-12-14 14:57:34] RAW LINKS:
Array
(
    [0] => dwdw
)

-----------------------------------
[2025-12-14 14:57:34] CLEAN LINKS:
Array
(
    [0] => dwdw
)

-----------------------------------
[2025-12-14 14:57:34] STUDENT ROW:
Array
(
    [id] => 4
)

-----------------------------------
[2025-12-14 14:57:34] THESIS ROW:
Array
(
    [resource_links] => ["dwqdwqe","dewdwe","dwdw"]
)

-----------------------------------
[2025-12-14 14:57:34] EXISTING LINKS:
Array
(
    [0] => dwqdwqe
    [1] => dewdwe
    [2] => dwdw
)

-----------------------------------
[2025-12-14 14:57:34] FINAL LINKS:
Array
(
    [0] => dwqdwqe
    [1] => dewdwe
    [2] => dwdw
    [3] => dwdw
)

-----------------------------------
[2025-12-14 14:57:34] DB EXECUTE RESULT:
1
-----------------------------------
[2025-12-14 14:57:44] SCRIPT START:

-----------------------------------
[2025-12-14 14:57:44] SESSION:
Array
(
    [user_id] => 4
    [role] => student
)

-----------------------------------
[2025-12-14 14:57:44] USER ID:
4
-----------------------------------
[2025-12-14 14:57:44] RAW INPUT:
{"thesis_id":16,"links":["dwdwq"]}
-----------------------------------
[2025-12-14 14:57:44] JSON DECODED:
Array
(
    [thesis_id] => 16
    [links] => Array
        (
            [0] => dwdwq
        )

)

-----------------------------------
[2025-12-14 14:57:44] THESIS ID:
16
-----------------------------------
[2025-12-14 14:57:44] RAW LINKS:
Array
(
    [0] => dwdwq
)

-----------------------------------
[2025-12-14 14:57:44] CLEAN LINKS:
Array
(
    [0] => dwdwq
)

-----------------------------------
[2025-12-14 14:57:44] STUDENT ROW:
Array
(
    [id] => 4
)

-----------------------------------
[2025-12-14 14:57:44] THESIS ROW:
Array
(
    [resource_links] => ["dwqdwqe","dewdwe","dwdw","dwdw"]
)

-----------------------------------
[2025-12-14 14:57:44] EXISTING LINKS:
Array
(
    [0] => dwqdwqe
    [1] => dewdwe
    [2] => dwdw
    [3] => dwdw
)

-----------------------------------
[2025-12-14 14:57:44] FINAL LINKS:
Array
(
    [0] => dwqdwqe
    [1] => dewdwe
    [2] => dwdw
    [3] => dwdw
    [4] => dwdwq
)

-----------------------------------
[2025-12-14 14:57:44] DB EXECUTE RESULT:
1
-----------------------------------
[2025-12-14 15:00:32] SCRIPT START:

-----------------------------------
[2025-12-14 15:00:32] SESSION:
Array
(
    [user_id] => 4
    [role] => student
)

-----------------------------------
[2025-12-14 15:00:32] USER ID:
4
-----------------------------------
[2025-12-14 15:00:32] RAW INPUT:
{"thesis_id":16,"links":["δεδεςδ"]}
-----------------------------------
[2025-12-14 15:00:32] JSON DECODED:
Array
(
    [thesis_id] => 16
    [links] => Array
        (
            [0] => δεδεςδ
        )

)

-----------------------------------
[2025-12-14 15:00:32] THESIS ID:
16
-----------------------------------
[2025-12-14 15:00:32] RAW LINKS:
Array
(
    [0] => δεδεςδ
)

-----------------------------------
[2025-12-14 15:00:32] CLEAN LINKS:
Array
(
    [0] => δεδεςδ
)

-----------------------------------
[2025-12-14 15:00:32] STUDENT ROW:
Array
(
    [id] => 4
)

-----------------------------------
[2025-12-14 15:00:32] THESIS ROW:
Array
(
    [resource_links] => ["dwqdwqe","dewdwe","dwdw","dwdw","dwdwq"]
)

-----------------------------------
[2025-12-14 15:00:32] EXISTING LINKS:
Array
(
    [0] => dwqdwqe
    [1] => dewdwe
    [2] => dwdw
    [3] => dwdw
    [4] => dwdwq
)

-----------------------------------
[2025-12-14 15:00:32] FINAL LINKS:
Array
(
    [0] => dwqdwqe
    [1] => dewdwe
    [2] => dwdw
    [3] => dwdw
    [4] => dwdwq
    [5] => δεδεςδ
)

-----------------------------------
[2025-12-14 15:00:32] DB EXECUTE RESULT:
1
-----------------------------------
